<?xml version="1.0" encoding="UTF-8"?>
<!-- Generated by org.testng.reporters.JUnitReportReporter -->
<testsuite hostname="Krishnaas-MacBook-Air-2.local" failures="0" tests="1" name="common.Listeners" time="9.405" errors="0" timestamp="2021-08-17T12:35:54 PDT" skipped="0">
  <testcase classname="common.Listeners" name="test1" time="9.405"/>
  <system-out>
    <![CDATA[This the report which will report in test out /index.html ]]>
  </system-out>
</testsuite> <!-- common.Listeners -->
