<?xml version="1.0" encoding="UTF-8"?>
<!-- Generated by org.testng.reporters.JUnitReportReporter -->
<testsuite hostname="Krishnaas-MacBook-Air-2.local" failures="0" tests="1" name="Base.Login" time="10.557" errors="0" timestamp="2021-08-17T13:01:50 PDT" skipped="0">
  <testcase classname="Base.Login" name="test1" time="10.557"/>
  <system-out>
    <![CDATA[This the report which will report in test out /index.html ]]>
  </system-out>
</testsuite> <!-- Base.Login -->
