<?xml version="1.0" encoding="UTF-8"?>
<!-- Generated by org.testng.reporters.JUnitReportReporter -->
<testsuite hostname="Krishnaas-MacBook-Air-2.local" failures="0" tests="1" name="TestCases.TestCase1" time="5.466" errors="0" timestamp="2021-10-16T10:55:10 PDT" skipped="0">
  <testcase classname="TestCases.TestCase1" name="testLogin1" time="5.466"/>
  <system-out/>
</testsuite> <!-- TestCases.TestCase1 -->
