<?xml version="1.0" encoding="UTF-8"?>
<!-- Generated by org.testng.reporters.JUnitReportReporter -->
<testsuite hostname="Krishnaas-MacBook-Air-2.local" failures="0" tests="5" name="TestCases.LoginTestCase" time="64.786" errors="0" timestamp="2021-10-18T09:33:56 PDT" skipped="0">
  <testcase classname="TestCases.LoginTestCase" name="tc2login" time="18.972"/>
  <system-out/>
  <testcase classname="TestCases.LoginTestCase" name="tc1login" time="8.171"/>
  <system-out/>
  <testcase classname="TestCases.LoginTestCase" name="tc3login" time="19.134"/>
  <system-out/>
  <testcase classname="TestCases.LoginTestCase" name="tc4alogin" time="8.033"/>
  <system-out/>
  <testcase classname="TestCases.LoginTestCase" name="tc4blogin" time="10.476"/>
  <system-out/>
</testsuite> <!-- TestCases.LoginTestCase -->
