<?xml version="1.0" encoding="UTF-8"?>
<!-- Generated by org.testng.reporters.JUnitReportReporter -->
<testsuite hostname="Krishnaas-MacBook-Air-2.local" failures="0" tests="1" name="TestCases.LoginTestCase" time="6.121" errors="0" timestamp="2021-09-23T09:22:42 PDT" skipped="0">
  <testcase classname="TestCases.LoginTestCase" name="tc1login" time="6.121"/>
  <system-out/>
</testsuite> <!-- TestCases.LoginTestCase -->
