<?xml version="1.0" encoding="UTF-8"?>
<!-- Generated by org.testng.reporters.JUnitReportReporter -->
<testsuite hostname="Krishnaas-MacBook-Air-2.local" failures="0" tests="1" name="TestCases.LoginTestCase" time="16.694" errors="0" timestamp="2021-09-25T11:17:58 PDT" skipped="0">
  <testcase classname="TestCases.LoginTestCase" name="tc3login" time="16.694"/>
  <system-out/>
</testsuite> <!-- TestCases.LoginTestCase -->
