<?xml version="1.0" encoding="UTF-8"?>
<!-- Generated by org.testng.reporters.JUnitReportReporter -->
<testsuite hostname="Krishnaas-MacBook-Air-2.local" failures="0" tests="1" name="TestCases.LoginTestCase" time="18.608" errors="0" timestamp="2021-09-29T19:11:19 PDT" skipped="0">
  <testcase classname="TestCases.LoginTestCase" name="tc2login" time="18.608"/>
  <system-out/>
</testsuite> <!-- TestCases.LoginTestCase -->
