<?xml version="1.0" encoding="UTF-8"?>
<!-- Generated by org.testng.reporters.JUnitReportReporter -->
<testsuite hostname="Krishnaas-MacBook-Air-2.local" failures="0" tests="1" name="TestCases.LonginTestCase" time="5.298" errors="0" timestamp="2021-09-23T09:13:47 PDT" skipped="0">
  <testcase classname="TestCases.LonginTestCase" name="tc1login" time="5.298"/>
  <system-out/>
</testsuite> <!-- TestCases.LonginTestCase -->
