<?xml version="1.0" encoding="UTF-8"?>
<!-- Generated by org.testng.reporters.JUnitReportReporter -->
<testsuite hostname="Krishnaas-MacBook-Air-2.local" failures="0" tests="1" name="TestCases.LoginTestCase" time="9.860" errors="0" timestamp="2021-09-26T09:24:11 PDT" skipped="0">
  <testcase classname="TestCases.LoginTestCase" name="tc4blogin" time="9.860"/>
  <system-out/>
</testsuite> <!-- TestCases.LoginTestCase -->
