<?xml version="1.0" encoding="UTF-8"?>
<!-- Generated by org.testng.reporters.JUnitReportReporter -->
<testsuite hostname="Krishnaas-MacBook-Air-2.local" failures="0" tests="1" name="Tekatck.ReuseMethod" time="4.870" errors="0" timestamp="2021-09-17T16:41:27 PDT" skipped="0">
  <testcase classname="Tekatck.ReuseMethod" name="launchapp" time="4.870"/>
  <system-out/>
</testsuite> <!-- Tekatck.ReuseMethod -->
