<?xml version="1.0" encoding="UTF-8"?>
<!-- Generated by org.testng.reporters.JUnitReportReporter -->
<testsuite hostname="Krishnaas-MacBook-Air-2.local" failures="0" tests="1" name="SeleniumBasic.Seleniumday2" time="13.679" errors="0" timestamp="2021-09-14T13:42:21 PDT" skipped="0">
  <testcase classname="SeleniumBasic.Seleniumday2" name="selenium2" time="13.679"/>
  <system-out/>
</testsuite> <!-- SeleniumBasic.Seleniumday2 -->
