<?xml version="1.0" encoding="UTF-8"?>
<!-- Generated by org.testng.reporters.JUnitReportReporter -->
<testsuite hostname="Krishnaas-MacBook-Air-2.local" failures="0" tests="1" name="SeleniumBasic.Seleniumbasic2" time="5.303" errors="0" timestamp="2021-09-13T11:46:34 PDT" skipped="0">
  <testcase classname="SeleniumBasic.Seleniumbasic2" name="methood1" time="5.303"/>
  <system-out/>
</testsuite> <!-- SeleniumBasic.Seleniumbasic2 -->
