<?xml version="1.0" encoding="UTF-8"?>
<!-- Generated by org.testng.reporters.JUnitReportReporter -->
<testsuite hostname="Krishnaas-MacBook-Air.local" failures="0" tests="3" name="JavaPractice.SelectionSortTest" time="0.032" errors="0" timestamp="2021-06-16T16:54:36 PDT" skipped="0">
  <testcase classname="JavaPractice.SelectionSortTest" name="SimpleTest1" time="0.005"/>
  <system-out/>
  <testcase classname="JavaPractice.SelectionSortTest" name="SimpleTest2" time="0.003"/>
  <system-out/>
  <testcase classname="JavaPractice.SelectionSortTest" name="SimpleTest" time="0.024"/>
  <system-out/>
</testsuite> <!-- JavaPractice.SelectionSortTest -->
