<?xml version="1.0" encoding="UTF-8"?>
<!-- Generated by org.testng.reporters.JUnitReportReporter -->
<testsuite hostname="Krishnaas-MacBook-Air-2.local" failures="0" tests="1" name="JavaPractive2Test.Bubbletest" time="0.035" errors="0" timestamp="2021-07-23T16:51:03 PDT" skipped="0">
  <testcase classname="JavaPractive2Test.Bubbletest" name="test" time="0.035"/>
  <system-out/>
</testsuite> <!-- JavaPractive2Test.Bubbletest -->
