<?xml version="1.0" encoding="UTF-8"?>
<!-- Generated by org.testng.reporters.JUnitReportReporter -->
<testsuite hostname="Krishnaas-MacBook-Air.local" failures="0" tests="1" name="JavaPractice.BinarySearchTest" time="0.034" errors="0" timestamp="2021-06-14T17:55:52 PDT" skipped="0">
  <testcase classname="JavaPractice.BinarySearchTest" name="simpleTest" time="0.034"/>
  <system-out/>
</testsuite> <!-- JavaPractice.BinarySearchTest -->
