<?xml version="1.0" encoding="UTF-8"?>
<!-- Generated by org.testng.reporters.JUnitReportReporter -->
<testsuite hostname="Krishnaas-MacBook-Air-2.local" failures="0" tests="1" name="JavaPractive2Test.StringopsTest" time="0.011" errors="0" timestamp="2021-07-28T09:38:29 PDT" skipped="0">
  <testcase classname="JavaPractive2Test.StringopsTest" name="test4" time="0.011"/>
  <system-out/>
</testsuite> <!-- JavaPractive2Test.StringopsTest -->
