<?xml version="1.0" encoding="UTF-8"?>
<!-- Generated by org.testng.reporters.JUnitReportReporter -->
<testsuite hostname="Krishnaas-MacBook-Air-2.local" failures="0" tests="1" name="JavaPractive2Test.SelectionSortTest" time="0.015" errors="0" timestamp="2021-07-26T11:04:58 PDT" skipped="0">
  <testcase classname="JavaPractive2Test.SelectionSortTest" name="test" time="0.015"/>
  <system-out/>
</testsuite> <!-- JavaPractive2Test.SelectionSortTest -->
