<?xml version="1.0" encoding="UTF-8"?>
<!-- Generated by org.testng.reporters.JUnitReportReporter -->
<testsuite hostname="Krishnaas-MacBook-Air-2.local" failures="0" tests="1" name="JavaPractive2Test.FactRecurTest" time="0.014" errors="0" timestamp="2021-07-23T16:09:55 PDT" skipped="0">
  <testcase classname="JavaPractive2Test.FactRecurTest" name="Test1" time="0.014"/>
  <system-out/>
</testsuite> <!-- JavaPractive2Test.FactRecurTest -->
