<?xml version="1.0" encoding="UTF-8"?>
<!-- Generated by org.testng.reporters.JUnitReportReporter -->
<testsuite hostname="Krishnaas-MacBook-Air.local" failures="0" tests="1" name="JavaPractice.UniqueArrayNumberTest" time="0.051" errors="0" timestamp="2021-06-16T17:14:14 PDT" skipped="0">
  <testcase classname="JavaPractice.UniqueArrayNumberTest" name="test1" time="0.051"/>
  <system-out/>
</testsuite> <!-- JavaPractice.UniqueArrayNumberTest -->
