<?xml version="1.0" encoding="UTF-8"?>
<!-- Generated by org.testng.reporters.JUnitReportReporter -->
<testsuite hostname="Krishnaas-MacBook-Air.local" failures="0" tests="1" name="JavaPractice.StringOperationsTest" time="0.031" errors="0" timestamp="2021-06-17T22:36:08 PDT" skipped="0">
  <testcase classname="JavaPractice.StringOperationsTest" name="test" time="0.031"/>
  <system-out/>
</testsuite> <!-- JavaPractice.StringOperationsTest -->
