<?xml version="1.0" encoding="UTF-8"?>
<!-- Generated by org.testng.reporters.JUnitReportReporter -->
<testsuite hostname="Krishnaas-MacBook-Air.local" failures="0" tests="1" name="JavaPractice.StudentInfoTest" time="0.052" errors="0" timestamp="2021-06-12T18:31:00 PDT" skipped="0">
  <testcase classname="JavaPractice.StudentInfoTest" name="testStudentUsingSet" time="0.052"/>
  <system-out/>
</testsuite> <!-- JavaPractice.StudentInfoTest -->
