<?xml version="1.0" encoding="UTF-8"?>
<!-- Generated by org.testng.reporters.JUnitReportReporter -->
<testsuite hostname="Krishnaas-MacBook-Air-2.local" failures="0" tests="1" name="JavaPractive2Test.BinarySearchTest" time="0.013" errors="0" timestamp="2021-07-26T10:01:25 PDT" skipped="0">
  <testcase classname="JavaPractive2Test.BinarySearchTest" name="test" time="0.013"/>
  <system-out/>
</testsuite> <!-- JavaPractive2Test.BinarySearchTest -->
