<?xml version="1.0" encoding="UTF-8"?>
<!-- Generated by org.testng.reporters.JUnitReportReporter -->
<testsuite hostname="Krishnaas-MacBook-Air.local" failures="0" tests="1" name="JavaPractice.UniqueoccurencesTest" time="0.035" errors="0" timestamp="2021-06-16T17:53:26 PDT" skipped="0">
  <testcase classname="JavaPractice.UniqueoccurencesTest" name="test3" time="0.035"/>
  <system-out/>
</testsuite> <!-- JavaPractice.UniqueoccurencesTest -->
