<?xml version="1.0" encoding="UTF-8"?>
<!-- Generated by org.testng.reporters.JUnitReportReporter -->
<testsuite hostname="Krishnaas-MacBook-Air-2.local" failures="0" tests="2" name="JavaPractive2Test.StactQueueLinkedListTest" time="0.017" errors="0" timestamp="2021-07-28T17:27:17 PDT" skipped="0">
  <testcase classname="JavaPractive2Test.StactQueueLinkedListTest" name="test1" time="0.014"/>
  <system-out/>
  <testcase classname="JavaPractive2Test.StactQueueLinkedListTest" name="test2" time="0.003"/>
  <system-out/>
</testsuite> <!-- JavaPractive2Test.StactQueueLinkedListTest -->
